0 info it worked if it ends with ok
1 verbose cli [
1 verbose cli   'C:\\Program Files\\nodejs\\node.exe',
1 verbose cli   'C:\\Users\\khimi\\AppData\\Roaming\\npm\\node_modules\\npm\\bin\\npm-cli.js',
1 verbose cli   'run',
1 verbose cli   'start'
1 verbose cli ]
2 info using npm@3.10.10
3 info using node@v20.11.0
4 verbose run-script [ 'prestart', 'start', 'poststart' ]
5 info lifecycle chat-app@1.0.0~prestart: chat-app@1.0.0
6 silly lifecycle chat-app@1.0.0~prestart: no script for prestart, continuing
7 info lifecycle chat-app@1.0.0~start: chat-app@1.0.0
8 verbose lifecycle chat-app@1.0.0~start: unsafe-perm in lifecycle true
9 verbose lifecycle chat-app@1.0.0~start: PATH: C:\Users\khimi\AppData\Roaming\npm\node_modules\npm\bin\node-gyp-bin;C:\Users\khimi\OneDrive\Desktop\mern-chat-app-master\node_modules\.bin;C:\Program Files\Common Files\Oracle\Java\javapath;C:\Program Files\Eclipse Adoptium\jdk-11.0.13.8-hotspot\bin;C:\windows\system32;C:\windows;C:\windows\System32\Wbem;C:\windows\System32\WindowsPowerShell\v1.0\;C:\windows\System32\OpenSSH\;C:\Program Files (x86)\NVIDIA Corporation\PhysX\Common;C:\Program Files\NVIDIA Corporation\NVIDIA NvDLISR;C:\Program Files (x86)\Symantec\VIP Access Client\;C:\WINDOWS\system32;C:\WINDOWS;C:\WINDOWS\System32\Wbem;C:\WINDOWS\System32\WindowsPowerShell\v1.0\;C:\WINDOWS\System32\OpenSSH\;C:\Program Files\MySQL\MySQL Server 8.0\bin;C:\MinGW\bin;C:\Program Files\Git\cmd;C:\Program Files\nodejs\;C:\Program Files\MySQL\MySQL Shell 8.0\bin\;C:\Users\khimi\AppData\Local\Microsoft\WindowsApps;C:\Users\khimi\AppData\Local\Programs\Microsoft VS Code\bin;C:\Program Files\CodeBlocks\MinGW\bin;C:\Users\khimi\AppData\Local\Programs\Python\Python39;C:\Users\khimi\AppData\Local\Programs\Python\Python39\Scripts;C:\Program Files\sfdx\bin;C:\Program Files\MongoDB\Server\7.0\bin;C:\Program Files\mongosh\mongosh-2.1.1-win32-x64\bin;C:\Users\khimi\AppData\Roaming\npm;C:\Program Files\JetBrains\IntelliJ IDEA Community Edition 2024.1.1\bin;
10 verbose lifecycle chat-app@1.0.0~start: CWD: C:\Users\khimi\OneDrive\Desktop\mern-chat-app-master
11 silly lifecycle chat-app@1.0.0~start: Args: [ '/d /s /c', 'node backend/server.js' ]
12 silly lifecycle chat-app@1.0.0~start: Returned: code: 1  signal: null
13 info lifecycle chat-app@1.0.0~start: Failed to exec start script
14 verbose stack Error: chat-app@1.0.0 start: `node backend/server.js`
14 verbose stack Exit status 1
14 verbose stack     at EventEmitter.<anonymous> (C:\Users\khimi\AppData\Roaming\npm\node_modules\npm\lib\utils\lifecycle.js:255:16)
14 verbose stack     at EventEmitter.emit (node:events:518:28)
14 verbose stack     at ChildProcess.<anonymous> (C:\Users\khimi\AppData\Roaming\npm\node_modules\npm\lib\utils\spawn.js:40:14)
14 verbose stack     at ChildProcess.emit (node:events:518:28)
14 verbose stack     at maybeClose (node:internal/child_process:1105:16)
14 verbose stack     at ChildProcess._handle.onexit (node:internal/child_process:305:5)
15 verbose pkgid chat-app@1.0.0
16 verbose cwd C:\Users\khimi\OneDrive\Desktop\mern-chat-app-master
17 error Windows_NT 10.0.22631
18 error argv "C:\\Program Files\\nodejs\\node.exe" "C:\\Users\\khimi\\AppData\\Roaming\\npm\\node_modules\\npm\\bin\\npm-cli.js" "run" "start"
19 error node v20.11.0
20 error npm  v3.10.10
21 error code ELIFECYCLE
22 error chat-app@1.0.0 start: `node backend/server.js`
22 error Exit status 1
23 error Failed at the chat-app@1.0.0 start script 'node backend/server.js'.
23 error Make sure you have the latest version of node.js and npm installed.
23 error If you do, this is most likely a problem with the chat-app package,
23 error not with npm itself.
23 error Tell the author that this fails on your system:
23 error     node backend/server.js
23 error You can get information on how to open an issue for this project with:
23 error     npm bugs chat-app
23 error Or if that isn't available, you can get their info via:
23 error     npm owner ls chat-app
23 error There is likely additional logging output above.
24 verbose exit [ 1, true ]
